Using pre-set license
Built from '2020.3/staging' branch; Version is '2020.3.9f1 (108be757e447) revision 1084391'; Using compiler version '192528614'; Build Type 'Release'
OS: 'Windows 10 Pro; OS build 19041.985; Version 2004; 64bit' Language: 'en' Physical Memory: 16301 MB
BatchMode: 1, IsHumanControllingUs: 0, StartBugReporterOnCrash: 0, Is64bit: 1, IsPro: 0

 COMMAND LINE ARGUMENTS:
C:\Program Files\Unity\Hub\Editor\2020.3.9f1\Editor\Unity.exe
-adb2
-batchMode
-noUpm
-name
AssetImportWorker0
-projectPath
C:/Users/aweso/Desktop/HelloWorld/Hello World
-logFile
Logs/AssetImportWorker0.log
-srvPort
56422
Successfully changed project path to: C:/Users/aweso/Desktop/HelloWorld/Hello World
C:/Users/aweso/Desktop/HelloWorld/Hello World
Using Asset Import Pipeline V2.
Refreshing native plugins compatible for Editor in 60.21 ms, found 0 plugins.
Preloading 0 native plugins for Editor in 0.00 ms.
Initialize engine version: 2020.3.9f1 (108be757e447)
[Subsystems] Discovering subsystems at path C:/Program Files/Unity/Hub/Editor/2020.3.9f1/Editor/Data/Resources/UnitySubsystems
[Subsystems] Discovering subsystems at path C:/Users/aweso/Desktop/HelloWorld/Hello World/Assets
GfxDevice: creating device client; threaded=0
Direct3D:
    Version:  Direct3D 11.0 [level 11.1]
    Renderer: Intel(R) UHD Graphics 620 (ID=0x5917)
    Vendor:   
    VRAM:     8150 MB
    Driver:   27.20.100.8682
Initialize mono
Mono path[0] = 'C:/Program Files/Unity/Hub/Editor/2020.3.9f1/Editor/Data/Managed'
Mono path[1] = 'C:/Program Files/Unity/Hub/Editor/2020.3.9f1/Editor/Data/MonoBleedingEdge/lib/mono/unityjit'
Mono config path = 'C:/Program Files/Unity/Hub/Editor/2020.3.9f1/Editor/Data/MonoBleedingEdge/etc'
Using monoOptions --debugger-agent=transport=dt_socket,embedding=1,server=y,suspend=n,address=127.0.0.1:56496
Begin MonoManager ReloadAssembly
Registering precompiled unity dll's ...
Register platform support module: C:/Program Files/Unity/Hub/Editor/2020.3.9f1/Editor/Data/PlaybackEngines/WebGLSupport/UnityEditor.WebGL.Extensions.dll
Register platform support module: C:/Program Files/Unity/Hub/Editor/2020.3.9f1/Editor/Data/PlaybackEngines/WindowsStandaloneSupport/UnityEditor.WindowsStandalone.Extensions.dll
Registered in 0.003765 seconds.
Native extension for WindowsStandalone target not found
Native extension for WebGL target not found
Refreshing native plugins compatible for Editor in 45.12 ms, found 0 plugins.
Preloading 0 native plugins for Editor in 0.00 ms.
Mono: successfully reloaded assembly
- Completed reload, in  1.718 seconds
Platform modules already initialized, skipping
Registering precompiled user dll's ...
Registered in 0.001090 seconds.
Begin MonoManager ReloadAssembly
Native extension for WindowsStandalone target not found
Native extension for WebGL target not found
Refreshing native plugins compatible for Editor in 0.40 ms, found 0 plugins.
Preloading 0 native plugins for Editor in 0.00 ms.
Mono: successfully reloaded assembly
- Completed reload, in  1.428 seconds
Platform modules already initialized, skipping
========================================================================
Worker process is ready to serve import requests
Launched and connected shader compiler UnityShaderCompiler.exe after 0.06 seconds
Refreshing native plugins compatible for Editor in 0.38 ms, found 0 plugins.
Preloading 0 native plugins for Editor in 0.00 ms.
Unloading 1382 Unused Serialized files (Serialized files now loaded: 0)
System memory in use before: 80.5 MB.
System memory in use after: 80.2 MB.

Unloading 11 unused Assets to reduce memory usage. Loaded Objects now: 1829.
Total: 4.173200 ms (FindLiveObjects: 0.197800 ms CreateObjectMapping: 0.046900 ms MarkObjects: 3.509600 ms  DeleteObjects: 0.417600 ms)

========================================================================
Received Import Request.
  path: Assets/TextMesh Pro
  artifactKey: Guid(f54d1bd14bd3ca042bd867b519fee8cc) Importer(815301076,1909f56bfc062723c751e8b465ee728b)
Start importing Assets/TextMesh Pro using Guid(f54d1bd14bd3ca042bd867b519fee8cc) Importer(815301076,1909f56bfc062723c751e8b465ee728b)  -> (artifact id: '6170b652e791f28e2dae01803c8e71bf') in 0.011388 seconds
  Import took 0.014103 seconds .

========================================================================
Received Import Request.
  Time since last request: 77.554008 seconds.
  path: Assets/Animations.png
  artifactKey: Guid(dd28c28c30ad7fe4ca25cea497b97afd) Importer(815301076,1909f56bfc062723c751e8b465ee728b)
Start importing Assets/Animations.png using Guid(dd28c28c30ad7fe4ca25cea497b97afd) Importer(815301076,1909f56bfc062723c751e8b465ee728b)  -> (artifact id: 'f43a97774e6e145b66ea85768b248e07') in 0.329771 seconds
  Import took 0.335078 seconds .

========================================================================
Received Import Request.
  Time since last request: 0.000298 seconds.
  path: Assets/Resources.png
  artifactKey: Guid(4ca5b45323b12ff49b7b0e3278c35db7) Importer(815301076,1909f56bfc062723c751e8b465ee728b)
Start importing Assets/Resources.png using Guid(4ca5b45323b12ff49b7b0e3278c35db7) Importer(815301076,1909f56bfc062723c751e8b465ee728b)  -> (artifact id: '87be3d6525d7dde0abe12d899252ad83') in 0.025556 seconds
  Import took 0.029667 seconds .

========================================================================
Received Import Request.
  Time since last request: 0.000309 seconds.
  path: Assets/Scenes.png
  artifactKey: Guid(d1cca06cea8aabe49aa29f4f6e8ea52d) Importer(815301076,1909f56bfc062723c751e8b465ee728b)
Start importing Assets/Scenes.png using Guid(d1cca06cea8aabe49aa29f4f6e8ea52d) Importer(815301076,1909f56bfc062723c751e8b465ee728b)  -> (artifact id: '0fe1ef8294176c29dcbf466739e38294') in 0.025018 seconds
  Import took 0.030450 seconds .

========================================================================
Received Import Request.
  Time since last request: 0.000333 seconds.
  path: Assets/Materials.png
  artifactKey: Guid(de0398212a40da2448239c4ea25fd8b0) Importer(815301076,1909f56bfc062723c751e8b465ee728b)
Start importing Assets/Materials.png using Guid(de0398212a40da2448239c4ea25fd8b0) Importer(815301076,1909f56bfc062723c751e8b465ee728b)  -> (artifact id: 'c997010830c76c867f4785fc38b26048') in 0.027841 seconds
  Import took 0.033837 seconds .

========================================================================
Received Import Request.
  Time since last request: 0.000454 seconds.
  path: Assets/Prefabs.png
  artifactKey: Guid(37582d5f3ee0a9b40a61e179d4a33c0a) Importer(815301076,1909f56bfc062723c751e8b465ee728b)
Start importing Assets/Prefabs.png using Guid(37582d5f3ee0a9b40a61e179d4a33c0a) Importer(815301076,1909f56bfc062723c751e8b465ee728b)  -> (artifact id: '00d643fc2324062fbed1e5e964365416') in 0.041263 seconds
  Import took 0.050423 seconds .

========================================================================
Received Import Request.
  Time since last request: 0.000277 seconds.
  path: Assets/Scripts.png
  artifactKey: Guid(9d274fffaaf50824bb0a148ab14653e9) Importer(815301076,1909f56bfc062723c751e8b465ee728b)
Start importing Assets/Scripts.png using Guid(9d274fffaaf50824bb0a148ab14653e9) Importer(815301076,1909f56bfc062723c751e8b465ee728b)  -> (artifact id: 'cf4cf73f654b4079f845f18c3ebc3663') in 0.040065 seconds
  Import took 0.046076 seconds .

========================================================================
Received Import Request.
  Time since last request: 0.000603 seconds.
  path: Assets/Art.png
  artifactKey: Guid(06ba190fd06fa6c4ab14f5d0cc06c5d7) Importer(815301076,1909f56bfc062723c751e8b465ee728b)
Start importing Assets/Art.png using Guid(06ba190fd06fa6c4ab14f5d0cc06c5d7) Importer(815301076,1909f56bfc062723c751e8b465ee728b)  -> (artifact id: '49fba0087e9a1c1da8ec270f8ebfa5b1') in 0.035105 seconds
  Import took 0.041889 seconds .

========================================================================
Received Import Request.
  Time since last request: 0.000565 seconds.
  path: Assets/Audio.png
  artifactKey: Guid(a14ebc1335f3f62468360063e0209448) Importer(815301076,1909f56bfc062723c751e8b465ee728b)
Start importing Assets/Audio.png using Guid(a14ebc1335f3f62468360063e0209448) Importer(815301076,1909f56bfc062723c751e8b465ee728b)  -> (artifact id: '8a48c6136152f03f47a86cd929c27bc7') in 0.028397 seconds
  Import took 0.035407 seconds .

========================================================================
Received Import Request.
  Time since last request: 0.000437 seconds.
  path: Assets/Models.png
  artifactKey: Guid(f6819b063b4ac3b448a31000b50e856f) Importer(815301076,1909f56bfc062723c751e8b465ee728b)
Start importing Assets/Models.png using Guid(f6819b063b4ac3b448a31000b50e856f) Importer(815301076,1909f56bfc062723c751e8b465ee728b)  -> (artifact id: '616aae2a3c331132c31f860bacf1df6b') in 0.030692 seconds
  Import took 0.036407 seconds .

========================================================================
Received Import Request.
  Time since last request: 12.609741 seconds.
  path: Assets
  artifactKey: Guid(00000000000000001000000000000000) Importer(815301076,1909f56bfc062723c751e8b465ee728b)
Start importing Assets using Guid(00000000000000001000000000000000) Importer(815301076,1909f56bfc062723c751e8b465ee728b)  -> (artifact id: '42d402b061de3733987d63b9cc3b64de') in 0.009109 seconds
  Import took 0.011910 seconds .

========================================================================
Received Import Request.
  Time since last request: 7.631706 seconds.
  path: Assets/New Folder
  artifactKey: Guid(11d0e640c7fa52847821b1fdead72f37) Importer(815301076,1909f56bfc062723c751e8b465ee728b)
Start importing Assets/New Folder using Guid(11d0e640c7fa52847821b1fdead72f37) Importer(815301076,1909f56bfc062723c751e8b465ee728b)  -> (artifact id: '5c5ef126b92e57438abf74defe821327') in 0.011387 seconds
  Import took 0.014665 seconds .

========================================================================
Received Import Request.
  Time since last request: 1.145941 seconds.
  path: Assets/New Folder 1
  artifactKey: Guid(9f4f8ebb8c4cf084987fd93af5fefda4) Importer(815301076,1909f56bfc062723c751e8b465ee728b)
Start importing Assets/New Folder 1 using Guid(9f4f8ebb8c4cf084987fd93af5fefda4) Importer(815301076,1909f56bfc062723c751e8b465ee728b)  -> (artifact id: '9bfd97f5e320f293cb380f570f03860b') in 0.013145 seconds
  Import took 0.022511 seconds .

========================================================================
Received Import Request.
  Time since last request: 0.145324 seconds.
  path: Assets/New Folder 2
  artifactKey: Guid(be574dd5014d03b4685d352b21ff4949) Importer(815301076,1909f56bfc062723c751e8b465ee728b)
Start importing Assets/New Folder 2 using Guid(be574dd5014d03b4685d352b21ff4949) Importer(815301076,1909f56bfc062723c751e8b465ee728b)  -> (artifact id: 'f55aa12a6f2eceeba4cce4f77238c811') in 0.011234 seconds
  Import took 0.015393 seconds .

========================================================================
Received Import Request.
  Time since last request: 0.005945 seconds.
  path: Assets/New Folder 2
  artifactKey: Guid(be574dd5014d03b4685d352b21ff4949) Importer(815301076,1909f56bfc062723c751e8b465ee728b)
Start importing Assets/New Folder 2 using Guid(be574dd5014d03b4685d352b21ff4949) Importer(815301076,1909f56bfc062723c751e8b465ee728b)  -> (artifact id: 'f55aa12a6f2eceeba4cce4f77238c811') in 0.004058 seconds
  Import took 0.008133 seconds .

========================================================================
Received Import Request.
  Time since last request: 0.158151 seconds.
  path: Assets/New Folder 3
  artifactKey: Guid(52a10c98a620058449701023ada52c79) Importer(815301076,1909f56bfc062723c751e8b465ee728b)
Start importing Assets/New Folder 3 using Guid(52a10c98a620058449701023ada52c79) Importer(815301076,1909f56bfc062723c751e8b465ee728b)  -> (artifact id: '09511f1625d474e90edd89c1e29c3b4a') in 0.010852 seconds
  Import took 0.015035 seconds .

========================================================================
Received Import Request.
  Time since last request: 1.424125 seconds.
  path: Assets/New Folder 4
  artifactKey: Guid(889d3760b8a39f94a89809b16edbd6ab) Importer(815301076,1909f56bfc062723c751e8b465ee728b)
Start importing Assets/New Folder 4 using Guid(889d3760b8a39f94a89809b16edbd6ab) Importer(815301076,1909f56bfc062723c751e8b465ee728b)  -> (artifact id: 'd57ab02f7a3aa98bff7250c85ed581bf') in 0.009615 seconds
  Import took 0.012309 seconds .

========================================================================
Received Import Request.
  Time since last request: 8.126533 seconds.
  path: Assets/Animations
  artifactKey: Guid(11d0e640c7fa52847821b1fdead72f37) Importer(815301076,1909f56bfc062723c751e8b465ee728b)
Start importing Assets/Animations using Guid(11d0e640c7fa52847821b1fdead72f37) Importer(815301076,1909f56bfc062723c751e8b465ee728b)  -> (artifact id: '6c65a9e79d549fcc5ef540e133292def') in 0.003724 seconds
  Import took 0.006717 seconds .

========================================================================
Received Import Request.
  Time since last request: 4.710301 seconds.
  path: Assets/Art
  artifactKey: Guid(9f4f8ebb8c4cf084987fd93af5fefda4) Importer(815301076,1909f56bfc062723c751e8b465ee728b)
Start importing Assets/Art using Guid(9f4f8ebb8c4cf084987fd93af5fefda4) Importer(815301076,1909f56bfc062723c751e8b465ee728b)  -> (artifact id: '8ebd95cf4061776ea80aa35f656ba25b') in 0.003229 seconds
  Import took 0.005985 seconds .

========================================================================
Received Import Request.
  Time since last request: 6.043980 seconds.
  path: Assets/Audio
  artifactKey: Guid(be574dd5014d03b4685d352b21ff4949) Importer(815301076,1909f56bfc062723c751e8b465ee728b)
Start importing Assets/Audio using Guid(be574dd5014d03b4685d352b21ff4949) Importer(815301076,1909f56bfc062723c751e8b465ee728b)  -> (artifact id: '1c1bd5a2292d35cb8255be46c4341657') in 0.005066 seconds
  Import took 0.007852 seconds .

========================================================================
Received Import Request.
  Time since last request: 14.098611 seconds.
  path: Assets/New Folder 5
  artifactKey: Guid(88862bbdcb6209d4c9d48d6734e559b8) Importer(815301076,1909f56bfc062723c751e8b465ee728b)
Start importing Assets/New Folder 5 using Guid(88862bbdcb6209d4c9d48d6734e559b8) Importer(815301076,1909f56bfc062723c751e8b465ee728b)  -> (artifact id: 'b77989388e5b381b8013786e88758be5') in 0.010025 seconds
  Import took 0.013353 seconds .

========================================================================
Received Import Request.
  Time since last request: 13.116445 seconds.
  path: Assets/Prefabs
  artifactKey: Guid(52a10c98a620058449701023ada52c79) Importer(815301076,1909f56bfc062723c751e8b465ee728b)
Start importing Assets/Prefabs using Guid(52a10c98a620058449701023ada52c79) Importer(815301076,1909f56bfc062723c751e8b465ee728b)  -> (artifact id: '44e302580322b9a0dce5a282ed0b3664') in 0.002904 seconds
  Import took 0.005913 seconds .

========================================================================
Received Import Request.
  Time since last request: 5.242918 seconds.
  path: Assets/Scripts
  artifactKey: Guid(c33d9163b69e31947affd13840ca5fe3) Importer(815301076,1909f56bfc062723c751e8b465ee728b)
Start importing Assets/Scripts using Guid(c33d9163b69e31947affd13840ca5fe3) Importer(815301076,1909f56bfc062723c751e8b465ee728b)  -> (artifact id: '38e49cda7279f3fda73eb87203f9137d') in 0.003226 seconds
  Import took 0.006535 seconds .

========================================================================
Received Import Request.
  Time since last request: 159.858903 seconds.
  path: Assets/Models
  artifactKey: Guid(1be9527d6ac48f54491330d45456b0f3) Importer(815301076,1909f56bfc062723c751e8b465ee728b)
Start importing Assets/Models using Guid(1be9527d6ac48f54491330d45456b0f3) Importer(815301076,1909f56bfc062723c751e8b465ee728b)  -> (artifact id: 'bc6edefe32193c0efbd5ac42c29151d9') in 0.004168 seconds
  Import took 0.008594 seconds .

========================================================================
Received Import Request.
  Time since last request: 1.991457 seconds.
  path: Assets/Models/Art Prototype
  artifactKey: Guid(c690aa28060b8ac408c158a599eba70b) Importer(815301076,1909f56bfc062723c751e8b465ee728b)
Start importing Assets/Models/Art Prototype using Guid(c690aa28060b8ac408c158a599eba70b) Importer(815301076,1909f56bfc062723c751e8b465ee728b)  -> (artifact id: '9c5ef48d9709a5abb6456036e5f74b67') in 0.011586 seconds
  Import took 0.015680 seconds .

========================================================================
Received Import Request.
  Time since last request: 0.063072 seconds.
  path: Assets/Models/Art Prototype/MyBedRoom.fbx
  artifactKey: Guid(916565d15c706644590c82409ce50b7d) Importer(815301076,1909f56bfc062723c751e8b465ee728b)
Start importing Assets/Models/Art Prototype/MyBedRoom.fbx using Guid(916565d15c706644590c82409ce50b7d) Importer(815301076,1909f56bfc062723c751e8b465ee728b)  -> (artifact id: '8623185c7b1c25c9fcbf412788770648') in 0.839523 seconds
  Import took 0.844813 seconds .

========================================================================
Received Import Request.
  Time since last request: 0.000307 seconds.
  path: Assets/Models/Art Prototype/MyBedRoomv2.prefab
  artifactKey: Guid(a6c77b820b0d13941b4899fc236792a4) Importer(815301076,1909f56bfc062723c751e8b465ee728b)
Start importing Assets/Models/Art Prototype/MyBedRoomv2.prefab using Guid(a6c77b820b0d13941b4899fc236792a4) Importer(815301076,1909f56bfc062723c751e8b465ee728b)  -> (artifact id: 'da29820080d38b0c8012cab44512eff4') in 0.486357 seconds
  Import took 0.490490 seconds .

========================================================================
Received Import Request.
  Time since last request: 11.891535 seconds.
  path: Assets/Resources
  artifactKey: Guid(889d3760b8a39f94a89809b16edbd6ab) Importer(815301076,1909f56bfc062723c751e8b465ee728b)
Start importing Assets/Resources using Guid(889d3760b8a39f94a89809b16edbd6ab) Importer(815301076,1909f56bfc062723c751e8b465ee728b)  -> (artifact id: '3937107b7366fa8554d113db5d296f75') in 0.010157 seconds
  Import took 0.014103 seconds .

========================================================================
Received Import Request.
  Time since last request: 34.815000 seconds.
  path: Assets/Asset Store
  artifactKey: Guid(f09e636c9a4bd6c4abc033145c1fcaf7) Importer(815301076,1909f56bfc062723c751e8b465ee728b)
Start importing Assets/Asset Store using Guid(f09e636c9a4bd6c4abc033145c1fcaf7) Importer(815301076,1909f56bfc062723c751e8b465ee728b)  -> (artifact id: '6c5dcf673d068cc82784a3074abe65bf') in 0.013850 seconds
  Import took 0.017403 seconds .

========================================================================
Received Import Request.
  Time since last request: 1.134151 seconds.
  path: Assets/Asset Store/Standard Assets
  artifactKey: Guid(c6195a43a0187a34e9c6be23520d3766) Importer(815301076,1909f56bfc062723c751e8b465ee728b)
Start importing Assets/Asset Store/Standard Assets using Guid(c6195a43a0187a34e9c6be23520d3766) Importer(815301076,1909f56bfc062723c751e8b465ee728b)  -> (artifact id: '3dde5de66680e5b3784f3a17ea7ab6c4') in 0.015974 seconds
  Import took 0.021360 seconds .

========================================================================
Received Import Request.
  Time since last request: 46.315228 seconds.
  path: Assets/Scenes
  artifactKey: Guid(3fbf9125b2653774aae6121fb2980330) Importer(815301076,1909f56bfc062723c751e8b465ee728b)
Start importing Assets/Scenes using Guid(3fbf9125b2653774aae6121fb2980330) Importer(815301076,1909f56bfc062723c751e8b465ee728b)  -> (artifact id: 'e8d22a3214a3ef8d44e565715921ca8e') in 0.009716 seconds
  Import took 0.013728 seconds .

========================================================================
Received Import Request.
  Time since last request: 11.413582 seconds.
  path: Assets/Scenes/__Scenes.png
  artifactKey: Guid(d1cca06cea8aabe49aa29f4f6e8ea52d) Importer(815301076,1909f56bfc062723c751e8b465ee728b)
Start importing Assets/Scenes/__Scenes.png using Guid(d1cca06cea8aabe49aa29f4f6e8ea52d) Importer(815301076,1909f56bfc062723c751e8b465ee728b)  -> (artifact id: 'c245a4261faa62a048e188efbcccfd6f') in 0.025650 seconds
  Import took 0.029236 seconds .

========================================================================
Received Import Request.
  Time since last request: 2.822650 seconds.
  path: Assets/Scenes/Art Prototype_Profiles
  artifactKey: Guid(580bae493229f7a4ea0a00a55e7a1d09) Importer(815301076,1909f56bfc062723c751e8b465ee728b)
Start importing Assets/Scenes/Art Prototype_Profiles using Guid(580bae493229f7a4ea0a00a55e7a1d09) Importer(815301076,1909f56bfc062723c751e8b465ee728b)  -> (artifact id: '73fa21f89eaabbe9e4ef0cb4c95ff34a') in 0.011433 seconds
  Import took 0.015159 seconds .

========================================================================
Received Import Request.
  Time since last request: 0.063614 seconds.
  path: Assets/Scenes/Art Prototype_Profiles/BasicPP.asset
  artifactKey: Guid(72039ae2faf04b84f94636b785b7da59) Importer(815301076,1909f56bfc062723c751e8b465ee728b)
Start importing Assets/Scenes/Art Prototype_Profiles/BasicPP.asset using Guid(72039ae2faf04b84f94636b785b7da59) Importer(815301076,1909f56bfc062723c751e8b465ee728b)  -> (artifact id: '1ac78ccbb7e69d0d304f92a4a08ed554') in 0.052510 seconds
  Import took 0.056592 seconds .

========================================================================
Received Import Request.
  Time since last request: 0.000280 seconds.
  path: Assets/Scenes/Art Prototype_Profiles/Main Camera Profile.asset
  artifactKey: Guid(d68b98ba10a142d42b6493e2ffb86e3e) Importer(815301076,1909f56bfc062723c751e8b465ee728b)
Start importing Assets/Scenes/Art Prototype_Profiles/Main Camera Profile.asset using Guid(d68b98ba10a142d42b6493e2ffb86e3e) Importer(815301076,1909f56bfc062723c751e8b465ee728b)  -> (artifact id: '09e4caaf6f845f1ea180f4419673dea9') in 0.028466 seconds
  Import took 0.032100 seconds .

========================================================================
Received Import Request.
  Time since last request: 7.530670 seconds.
  path: Assets/Animations/__Animations.png
  artifactKey: Guid(dd28c28c30ad7fe4ca25cea497b97afd) Importer(815301076,1909f56bfc062723c751e8b465ee728b)
Start importing Assets/Animations/__Animations.png using Guid(dd28c28c30ad7fe4ca25cea497b97afd) Importer(815301076,1909f56bfc062723c751e8b465ee728b)  -> (artifact id: 'e2be302378975084315d66dbcebf846a') in 0.029998 seconds
  Import took 0.033288 seconds .

========================================================================
Received Import Request.
  Time since last request: 5.868944 seconds.
  path: Assets/Art/__Art.png
  artifactKey: Guid(06ba190fd06fa6c4ab14f5d0cc06c5d7) Importer(815301076,1909f56bfc062723c751e8b465ee728b)
Start importing Assets/Art/__Art.png using Guid(06ba190fd06fa6c4ab14f5d0cc06c5d7) Importer(815301076,1909f56bfc062723c751e8b465ee728b)  -> (artifact id: 'dfad48029f3ed9e449d93ddf5058b660') in 0.023169 seconds
  Import took 0.027596 seconds .

========================================================================
Received Import Request.
  Time since last request: 8.935620 seconds.
  path: Assets/Audio/__Audio.png
  artifactKey: Guid(a14ebc1335f3f62468360063e0209448) Importer(815301076,1909f56bfc062723c751e8b465ee728b)
Start importing Assets/Audio/__Audio.png using Guid(a14ebc1335f3f62468360063e0209448) Importer(815301076,1909f56bfc062723c751e8b465ee728b)  -> (artifact id: '39875289cd3bc2ab908f9a311a097437') in 0.026236 seconds
  Import took 0.029653 seconds .

========================================================================
Received Import Request.
  Time since last request: 4.242334 seconds.
  path: Assets/Materials
  artifactKey: Guid(1d45e383ab7550e4b84f916d92227ff1) Importer(815301076,1909f56bfc062723c751e8b465ee728b)
Start importing Assets/Materials using Guid(1d45e383ab7550e4b84f916d92227ff1) Importer(815301076,1909f56bfc062723c751e8b465ee728b)  -> (artifact id: 'b028858f133cfea39c9dd2347e3c4542') in 0.009854 seconds
  Import took 0.013269 seconds .

========================================================================
Received Import Request.
  Time since last request: 1.088082 seconds.
  path: Assets/Materials/BlackShiny.mat
  artifactKey: Guid(8b225a528eadb9145bf10190f397e4a2) Importer(815301076,1909f56bfc062723c751e8b465ee728b)
Start importing Assets/Materials/BlackShiny.mat using Guid(8b225a528eadb9145bf10190f397e4a2) Importer(815301076,1909f56bfc062723c751e8b465ee728b)  -> (artifact id: '10c94551d3de8040641cde4659217d6b') in 0.048002 seconds
  Import took 0.051178 seconds .

========================================================================
Received Import Request.
  Time since last request: 0.000343 seconds.
  path: Assets/Materials/BlueEmit.mat
  artifactKey: Guid(98638c88774f0144e834eabeca467dc8) Importer(815301076,1909f56bfc062723c751e8b465ee728b)
Start importing Assets/Materials/BlueEmit.mat using Guid(98638c88774f0144e834eabeca467dc8) Importer(815301076,1909f56bfc062723c751e8b465ee728b)  -> (artifact id: 'fc052b89b77234c21bdcd62851e1e858') in 0.028185 seconds
  Import took 0.032211 seconds .

========================================================================
Received Import Request.
  Time since last request: 0.000349 seconds.
  path: Assets/Materials/Wood.mat
  artifactKey: Guid(79816c16116060b4c933cbd34e67de3a) Importer(815301076,1909f56bfc062723c751e8b465ee728b)
Start importing Assets/Materials/Wood.mat using Guid(79816c16116060b4c933cbd34e67de3a) Importer(815301076,1909f56bfc062723c751e8b465ee728b)  -> (artifact id: '0ea1f74cb8ec9e49c38f3ebe58b016ea') in 0.477562 seconds
  Import took 0.481736 seconds .

========================================================================
Received Import Request.
  Time since last request: 0.000286 seconds.
  path: Assets/Materials/Fabric1.mat
  artifactKey: Guid(f6456097ba4af8d42be588541bec0a13) Importer(815301076,1909f56bfc062723c751e8b465ee728b)
Start importing Assets/Materials/Fabric1.mat using Guid(f6456097ba4af8d42be588541bec0a13) Importer(815301076,1909f56bfc062723c751e8b465ee728b)  -> (artifact id: '09addf8d9a3a86f332615d2e1bc8f813') in 0.433325 seconds
  Import took 0.436293 seconds .

========================================================================
Received Import Request.
  Time since last request: 0.000335 seconds.
  path: Assets/Materials/WhiteWall.mat
  artifactKey: Guid(267098c23f5d74a49bb6fce070cdf9ca) Importer(815301076,1909f56bfc062723c751e8b465ee728b)
Start importing Assets/Materials/WhiteWall.mat using Guid(267098c23f5d74a49bb6fce070cdf9ca) Importer(815301076,1909f56bfc062723c751e8b465ee728b)  -> (artifact id: 'ac9ae0ce01f3ca124dd5ba83545a2398') in 0.026864 seconds
  Import took 0.030102 seconds .

========================================================================
Received Import Request.
  Time since last request: 2.825041 seconds.
  path: Assets/Materials/__Materials.png
  artifactKey: Guid(de0398212a40da2448239c4ea25fd8b0) Importer(815301076,1909f56bfc062723c751e8b465ee728b)
Start importing Assets/Materials/__Materials.png using Guid(de0398212a40da2448239c4ea25fd8b0) Importer(815301076,1909f56bfc062723c751e8b465ee728b)  -> (artifact id: 'd2f7a1faecb7371e05d85ebd8286578a') in 0.026106 seconds
  Import took 0.029191 seconds .

========================================================================
Received Import Request.
  Time since last request: 16.757941 seconds.
  path: Assets/Models/__Models.png
  artifactKey: Guid(f6819b063b4ac3b448a31000b50e856f) Importer(815301076,1909f56bfc062723c751e8b465ee728b)
Start importing Assets/Models/__Models.png using Guid(f6819b063b4ac3b448a31000b50e856f) Importer(815301076,1909f56bfc062723c751e8b465ee728b)  -> (artifact id: 'cd17ae697b2867270d370c3c2345db74') in 0.020150 seconds
  Import took 0.023543 seconds .

========================================================================
Received Import Request.
  Time since last request: 9.388077 seconds.
  path: Assets/Prefabs/__Prefabs.png
  artifactKey: Guid(37582d5f3ee0a9b40a61e179d4a33c0a) Importer(815301076,1909f56bfc062723c751e8b465ee728b)
Start importing Assets/Prefabs/__Prefabs.png using Guid(37582d5f3ee0a9b40a61e179d4a33c0a) Importer(815301076,1909f56bfc062723c751e8b465ee728b)  -> (artifact id: 'bbfbcb5f001207e2ffca4ca0397ba68a') in 0.023972 seconds
  Import took 0.028578 seconds .

========================================================================
Received Import Request.
  Time since last request: 10.913736 seconds.
  path: Assets/Resources/__Resources.png
  artifactKey: Guid(4ca5b45323b12ff49b7b0e3278c35db7) Importer(815301076,1909f56bfc062723c751e8b465ee728b)
Start importing Assets/Resources/__Resources.png using Guid(4ca5b45323b12ff49b7b0e3278c35db7) Importer(815301076,1909f56bfc062723c751e8b465ee728b)  -> (artifact id: '943c45fd35a60a7a8d18f0935a66ca29') in 0.025969 seconds
  Import took 0.030054 seconds .

========================================================================
Received Import Request.
  Time since last request: 4.895627 seconds.
  path: Assets/SampleScenes
  artifactKey: Guid(3d8829ac873af27488b1412b8db301ab) Importer(815301076,1909f56bfc062723c751e8b465ee728b)
Start importing Assets/SampleScenes using Guid(3d8829ac873af27488b1412b8db301ab) Importer(815301076,1909f56bfc062723c751e8b465ee728b)  -> (artifact id: 'ef1142f46e2c410b6040e8c75a1090c0') in 0.011442 seconds
  Import took 0.014709 seconds .

========================================================================
Received Import Request.
  Time since last request: 3.623376 seconds.
  path: Assets/SampleScenes/AudioMixers
  artifactKey: Guid(4cc86340a16bb438d8425798fd38fd8f) Importer(815301076,1909f56bfc062723c751e8b465ee728b)
Start importing Assets/SampleScenes/AudioMixers using Guid(4cc86340a16bb438d8425798fd38fd8f) Importer(815301076,1909f56bfc062723c751e8b465ee728b)  -> (artifact id: '261971c822b520e8f39c948ae9f73b46') in 0.009767 seconds
  Import took 0.013462 seconds .

========================================================================
Received Import Request.
  Time since last request: 0.074063 seconds.
  path: Assets/SampleScenes/AudioMixers/Car.mixer
  artifactKey: Guid(cc0bf72c5763743468b1ee3d764d3d04) Importer(815301076,1909f56bfc062723c751e8b465ee728b)
Start importing Assets/SampleScenes/AudioMixers/Car.mixer using Guid(cc0bf72c5763743468b1ee3d764d3d04) Importer(815301076,1909f56bfc062723c751e8b465ee728b)  -> (artifact id: '8fe3fc03b2161e8a096ea4d0ab6df79f') in 0.019563 seconds
  Import took 0.022831 seconds .

========================================================================
Received Import Request.
  Time since last request: 0.000267 seconds.
  path: Assets/SampleScenes/AudioMixers/PropellerPlane.mixer
  artifactKey: Guid(f166ed551f18240f99a161783914f623) Importer(815301076,1909f56bfc062723c751e8b465ee728b)
Start importing Assets/SampleScenes/AudioMixers/PropellerPlane.mixer using Guid(f166ed551f18240f99a161783914f623) Importer(815301076,1909f56bfc062723c751e8b465ee728b)  -> (artifact id: '41df8f27dd9df93453607c2ca34ec72d') in 0.017033 seconds
  Import took 0.020490 seconds .

========================================================================
Received Import Request.
  Time since last request: 0.000359 seconds.
  path: Assets/SampleScenes/AudioMixers/JetPlane.mixer
  artifactKey: Guid(e21d59315859b4f288500f0a7167ebe7) Importer(815301076,1909f56bfc062723c751e8b465ee728b)
Start importing Assets/SampleScenes/AudioMixers/JetPlane.mixer using Guid(e21d59315859b4f288500f0a7167ebe7) Importer(815301076,1909f56bfc062723c751e8b465ee728b)  -> (artifact id: '2e8e7a899972758a0fb0a34aeb84b287') in 0.020436 seconds
  Import took 0.024417 seconds .

========================================================================
Received Import Request.
  Time since last request: 4.948677 seconds.
  path: Assets/Sprites
  artifactKey: Guid(6f9f4ca1ca39c1a4e8e3788d19775ce9) Importer(815301076,1909f56bfc062723c751e8b465ee728b)
Start importing Assets/Sprites using Guid(6f9f4ca1ca39c1a4e8e3788d19775ce9) Importer(815301076,1909f56bfc062723c751e8b465ee728b)  -> (artifact id: '7b2caa5f0be25473b04862e149487718') in 0.008411 seconds
  Import took 0.011763 seconds .

========================================================================
Received Import Request.
  Time since last request: 5.355785 seconds.
  path: Assets/SampleScenes/Scripts
  artifactKey: Guid(6b3da2c3291b36b4c9d431fad18e9b0f) Importer(815301076,1909f56bfc062723c751e8b465ee728b)
Start importing Assets/SampleScenes/Scripts using Guid(6b3da2c3291b36b4c9d431fad18e9b0f) Importer(815301076,1909f56bfc062723c751e8b465ee728b)  -> (artifact id: '6f604ca5bad9213fd615b30d0d19e73b') in 0.008462 seconds
  Import took 0.011847 seconds .

========================================================================
Received Prepare
Registering precompiled user dll's ...
Registered in 0.001417 seconds.
Begin MonoManager ReloadAssembly
Native extension for WindowsStandalone target not found
Native extension for WebGL target not found
Refreshing native plugins compatible for Editor in 0.38 ms, found 0 plugins.
Preloading 0 native plugins for Editor in 0.00 ms.
Mono: successfully reloaded assembly
- Completed reload, in  1.222 seconds
Platform modules already initialized, skipping
Refreshing native plugins compatible for Editor in 0.42 ms, found 0 plugins.
Preloading 0 native plugins for Editor in 0.00 ms.
Unloading 1309 Unused Serialized files (Serialized files now loaded: 0)
System memory in use before: 78.0 MB.
System memory in use after: 77.7 MB.

Unloading 14 unused Assets to reduce memory usage. Loaded Objects now: 1870.
Total: 2.974700 ms (FindLiveObjects: 0.299900 ms CreateObjectMapping: 0.090600 ms MarkObjects: 2.145600 ms  DeleteObjects: 0.437100 ms)

========================================================================
Received Import Request.
  Time since last request: 65.263326 seconds.
  path: Assets/Scripts/__Scripts.png
  artifactKey: Guid(9d274fffaaf50824bb0a148ab14653e9) Importer(815301076,1909f56bfc062723c751e8b465ee728b)
Start importing Assets/Scripts/__Scripts.png using Guid(9d274fffaaf50824bb0a148ab14653e9) Importer(815301076,1909f56bfc062723c751e8b465ee728b)  -> (artifact id: '0135474456fd01b6c3faf7d42af9d18f') in 0.053051 seconds
  Import took 0.056841 seconds .

========================================================================
Received Import Request.
  Time since last request: 1.904516 seconds.
  path: Assets/Scripts/SimonSaysScriptableObjects
  artifactKey: Guid(9f7298cdb17e466428ede4e0a7d2b926) Importer(815301076,1909f56bfc062723c751e8b465ee728b)
Start importing Assets/Scripts/SimonSaysScriptableObjects using Guid(9f7298cdb17e466428ede4e0a7d2b926) Importer(815301076,1909f56bfc062723c751e8b465ee728b)  -> (artifact id: 'd0ce9ed27e4c8e167abebc1ef190241d') in 0.009340 seconds
  Import took 0.012352 seconds .

========================================================================
Received Import Request.
  Time since last request: 0.054992 seconds.
  path: Assets/Scripts/SimonSaysScriptableObjects/Fire1.asset
  artifactKey: Guid(2ef63f10a1993fd48bb31b8b2a476b77) Importer(815301076,1909f56bfc062723c751e8b465ee728b)
Start importing Assets/Scripts/SimonSaysScriptableObjects/Fire1.asset using Guid(2ef63f10a1993fd48bb31b8b2a476b77) Importer(815301076,1909f56bfc062723c751e8b465ee728b)  -> (artifact id: 'f43c9ff42309d74309b4191231589c93') in 0.009565 seconds
  Import took 0.012226 seconds .

========================================================================
Received Import Request.
  Time since last request: 0.000336 seconds.
  path: Assets/Scripts/SimonSaysScriptableObjects/Fire2.asset
  artifactKey: Guid(beffba98003b70e4a8a289f3072a0635) Importer(815301076,1909f56bfc062723c751e8b465ee728b)
Start importing Assets/Scripts/SimonSaysScriptableObjects/Fire2.asset using Guid(beffba98003b70e4a8a289f3072a0635) Importer(815301076,1909f56bfc062723c751e8b465ee728b)  -> (artifact id: 'a5c6f7407756a62532859ff0bc19f67c') in 0.009526 seconds
  Import took 0.012802 seconds .

========================================================================
Received Import Request.
  Time since last request: 0.000344 seconds.
  path: Assets/Scripts/SimonSaysScriptableObjects/Fire3.asset
  artifactKey: Guid(ddee6c2c2e210094eb6e658e737f843d) Importer(815301076,1909f56bfc062723c751e8b465ee728b)
Start importing Assets/Scripts/SimonSaysScriptableObjects/Fire3.asset using Guid(ddee6c2c2e210094eb6e658e737f843d) Importer(815301076,1909f56bfc062723c751e8b465ee728b)  -> (artifact id: '2666a7f4ba43d1dcc9a17114af8a46ba') in 0.008115 seconds
  Import took 0.010998 seconds .

========================================================================
Received Import Request.
  Time since last request: 0.000336 seconds.
  path: Assets/Scripts/SimonSaysScriptableObjects/Jump.asset
  artifactKey: Guid(a6ee9385118917e47acd6b1a84a2b989) Importer(815301076,1909f56bfc062723c751e8b465ee728b)
Start importing Assets/Scripts/SimonSaysScriptableObjects/Jump.asset using Guid(a6ee9385118917e47acd6b1a84a2b989) Importer(815301076,1909f56bfc062723c751e8b465ee728b)  -> (artifact id: '4275b4b133bb4931db0ce87ba7ed703f') in 0.009180 seconds
  Import took 0.011893 seconds .

========================================================================
Received Import Request.
  Time since last request: 0.000341 seconds.
  path: Assets/Scripts/SimonSaysScriptableObjects/Vertical.asset
  artifactKey: Guid(3a21bdf505912354292d42d4c5220926) Importer(815301076,1909f56bfc062723c751e8b465ee728b)
Start importing Assets/Scripts/SimonSaysScriptableObjects/Vertical.asset using Guid(3a21bdf505912354292d42d4c5220926) Importer(815301076,1909f56bfc062723c751e8b465ee728b)  -> (artifact id: '3a9146d3642fcc0abde632a11e8a1a80') in 0.010887 seconds
  Import took 0.013756 seconds .

========================================================================
Received Import Request.
  Time since last request: 0.000356 seconds.
  path: Assets/Scripts/SimonSaysScriptableObjects/Horizontal.asset
  artifactKey: Guid(b4044127710c7924ab49ae9800e9734d) Importer(815301076,1909f56bfc062723c751e8b465ee728b)
Start importing Assets/Scripts/SimonSaysScriptableObjects/Horizontal.asset using Guid(b4044127710c7924ab49ae9800e9734d) Importer(815301076,1909f56bfc062723c751e8b465ee728b)  -> (artifact id: 'be81edad8bbd1c08d96b0b33d4e5b8bb') in 0.011886 seconds
  Import took 0.015710 seconds .

========================================================================
Received Import Request.
  Time since last request: 38.056840 seconds.
  path: Assets/Scenes/Art Prototype.unity
  artifactKey: Guid(65cfd90ff9b38d84eb6bdef9bd86b2c5) Importer(815301076,1909f56bfc062723c751e8b465ee728b)
Start importing Assets/Scenes/Art Prototype.unity using Guid(65cfd90ff9b38d84eb6bdef9bd86b2c5) Importer(815301076,1909f56bfc062723c751e8b465ee728b)  -> (artifact id: 'a2f3784151571860a03c13cb6f511c32') in 0.012555 seconds
  Import took 0.015846 seconds .

