Using pre-set license
Built from '2020.3/staging' branch; Version is '2020.3.9f1 (108be757e447) revision 1084391'; Using compiler version '192528614'; Build Type 'Release'
OS: 'Windows 10 Home; OS build 19041.985; Version 2004; 64bit' Language: 'en' Physical Memory: 16348 MB
BatchMode: 1, IsHumanControllingUs: 0, StartBugReporterOnCrash: 0, Is64bit: 1, IsPro: 0

 COMMAND LINE ARGUMENTS:
C:\Program Files\Unity\Hub\Editor\2020.3.9f1\Editor\Unity.exe
-adb2
-batchMode
-noUpm
-name
AssetImportWorker2
-projectPath
F:/Connor Stuff/Unity/Hello World/Hello-World/Hello World
-logFile
Logs/AssetImportWorker2.log
-srvPort
59902
Successfully changed project path to: F:/Connor Stuff/Unity/Hello World/Hello-World/Hello World
F:/Connor Stuff/Unity/Hello World/Hello-World/Hello World
Using Asset Import Pipeline V2.
Refreshing native plugins compatible for Editor in 38.10 ms, found 0 plugins.
Preloading 0 native plugins for Editor in 0.00 ms.
Initialize engine version: 2020.3.9f1 (108be757e447)
[Subsystems] Discovering subsystems at path C:/Program Files/Unity/Hub/Editor/2020.3.9f1/Editor/Data/Resources/UnitySubsystems
[Subsystems] Discovering subsystems at path F:/Connor Stuff/Unity/Hello World/Hello-World/Hello World/Assets
GfxDevice: creating device client; threaded=0
Direct3D:
    Version:  Direct3D 11.0 [level 11.1]
    Renderer: NVIDIA GeForce GTX 1060 3GB (ID=0x1c02)
    Vendor:   
    VRAM:     2988 MB
    Driver:   27.21.14.5671
Initialize mono
Mono path[0] = 'C:/Program Files/Unity/Hub/Editor/2020.3.9f1/Editor/Data/Managed'
Mono path[1] = 'C:/Program Files/Unity/Hub/Editor/2020.3.9f1/Editor/Data/MonoBleedingEdge/lib/mono/unityjit'
Mono config path = 'C:/Program Files/Unity/Hub/Editor/2020.3.9f1/Editor/Data/MonoBleedingEdge/etc'
Using monoOptions --debugger-agent=transport=dt_socket,embedding=1,server=y,suspend=n,address=127.0.0.1:56472
Begin MonoManager ReloadAssembly
Registering precompiled unity dll's ...
Register platform support module: C:/Program Files/Unity/Hub/Editor/2020.3.9f1/Editor/Data/PlaybackEngines/MacStandaloneSupport/UnityEditor.OSXStandalone.Extensions.dll
Register platform support module: C:/Program Files/Unity/Hub/Editor/2020.3.9f1/Editor/Data/PlaybackEngines/WindowsStandaloneSupport/UnityEditor.WindowsStandalone.Extensions.dll
Registered in 0.005733 seconds.
Native extension for WindowsStandalone target not found
Native extension for OSXStandalone target not found
Refreshing native plugins compatible for Editor in 36.15 ms, found 0 plugins.
Preloading 0 native plugins for Editor in 0.00 ms.
Mono: successfully reloaded assembly
- Completed reload, in 13.175 seconds
Platform modules already initialized, skipping
Registering precompiled user dll's ...
Registered in 0.000743 seconds.
Begin MonoManager ReloadAssembly
Native extension for WindowsStandalone target not found
Native extension for OSXStandalone target not found
Refreshing native plugins compatible for Editor in 0.32 ms, found 0 plugins.
Preloading 0 native plugins for Editor in 0.00 ms.
Mono: successfully reloaded assembly
- Completed reload, in  1.052 seconds
Platform modules already initialized, skipping
========================================================================
Worker process is ready to serve import requests
Launched and connected shader compiler UnityShaderCompiler.exe after 0.30 seconds
Refreshing native plugins compatible for Editor in 0.61 ms, found 0 plugins.
Preloading 0 native plugins for Editor in 0.00 ms.
Unloading 1382 Unused Serialized files (Serialized files now loaded: 0)
System memory in use before: 81.2 MB.
System memory in use after: 80.9 MB.

Unloading 10 unused Assets to reduce memory usage. Loaded Objects now: 1831.
Total: 2.423300 ms (FindLiveObjects: 0.179600 ms CreateObjectMapping: 0.052100 ms MarkObjects: 1.846800 ms  DeleteObjects: 0.343400 ms)

========================================================================
Received Import Request.
  path: Assets/Scripts/SimonSaysInputs.cs
  artifactKey: Guid(61a388b8c1fd37f438d53ad695e524b2) Importer(815301076,1909f56bfc062723c751e8b465ee728b)
Start importing Assets/Scripts/SimonSaysInputs.cs using Guid(61a388b8c1fd37f438d53ad695e524b2) Importer(815301076,1909f56bfc062723c751e8b465ee728b)  -> (artifact id: '36756e4237fe64182e23073913e96cf5') in 0.163233 seconds
  Import took 0.180060 seconds .

========================================================================
Received Prepare
Registering precompiled user dll's ...
Registered in 0.000873 seconds.
Begin MonoManager ReloadAssembly
Native extension for WindowsStandalone target not found
Native extension for OSXStandalone target not found
Refreshing native plugins compatible for Editor in 0.57 ms, found 0 plugins.
Preloading 0 native plugins for Editor in 0.00 ms.
Mono: successfully reloaded assembly
- Completed reload, in  0.934 seconds
Platform modules already initialized, skipping
Refreshing native plugins compatible for Editor in 0.35 ms, found 0 plugins.
Preloading 0 native plugins for Editor in 0.00 ms.
Unloading 1317 Unused Serialized files (Serialized files now loaded: 0)
System memory in use before: 75.2 MB.
System memory in use after: 75.0 MB.

Unloading 5 unused Assets to reduce memory usage. Loaded Objects now: 1834.
Total: 2.256800 ms (FindLiveObjects: 0.150200 ms CreateObjectMapping: 0.040800 ms MarkObjects: 1.741200 ms  DeleteObjects: 0.323300 ms)

========================================================================
Received Import Request.
  Time since last request: 44.001909 seconds.
  path: Assets/Scripts/SimonSaysScriptableObjects
  artifactKey: Guid(9f7298cdb17e466428ede4e0a7d2b926) Importer(815301076,1909f56bfc062723c751e8b465ee728b)
Start importing Assets/Scripts/SimonSaysScriptableObjects using Guid(9f7298cdb17e466428ede4e0a7d2b926) Importer(815301076,1909f56bfc062723c751e8b465ee728b)  -> (artifact id: 'ff7d4aca3918ceeea2865ac08841d360') in 0.014904 seconds
  Import took 0.030824 seconds .

========================================================================
Received Prepare
Registering precompiled user dll's ...
Registered in 0.000784 seconds.
Begin MonoManager ReloadAssembly
Native extension for WindowsStandalone target not found
Native extension for OSXStandalone target not found
Refreshing native plugins compatible for Editor in 0.32 ms, found 0 plugins.
Preloading 0 native plugins for Editor in 0.00 ms.
Mono: successfully reloaded assembly
- Completed reload, in  0.930 seconds
Platform modules already initialized, skipping
Refreshing native plugins compatible for Editor in 0.40 ms, found 0 plugins.
Preloading 0 native plugins for Editor in 0.00 ms.
Unloading 1317 Unused Serialized files (Serialized files now loaded: 0)
System memory in use before: 75.2 MB.
System memory in use after: 75.0 MB.

Unloading 5 unused Assets to reduce memory usage. Loaded Objects now: 1837.
Total: 2.422500 ms (FindLiveObjects: 0.185500 ms CreateObjectMapping: 0.086200 ms MarkObjects: 1.779200 ms  DeleteObjects: 0.370500 ms)

========================================================================
Received Import Request.
  Time since last request: 131.476548 seconds.
  path: Assets/Scripts/SimonSaysScriptableObjects/Horizontal.asset
  artifactKey: Guid(b4044127710c7924ab49ae9800e9734d) Importer(815301076,1909f56bfc062723c751e8b465ee728b)
Start importing Assets/Scripts/SimonSaysScriptableObjects/Horizontal.asset using Guid(b4044127710c7924ab49ae9800e9734d) Importer(815301076,1909f56bfc062723c751e8b465ee728b)  -> (artifact id: 'ba70940ff9db7657ce7ea62cea0b510f') in 0.077437 seconds
  Import took 0.080702 seconds .

========================================================================
Received Import Request.
  Time since last request: 11.648569 seconds.
  path: Assets/Scripts/SimonSaysScriptableObjects/Vertical.asset
  artifactKey: Guid(3a21bdf505912354292d42d4c5220926) Importer(815301076,1909f56bfc062723c751e8b465ee728b)
Start importing Assets/Scripts/SimonSaysScriptableObjects/Vertical.asset using Guid(3a21bdf505912354292d42d4c5220926) Importer(815301076,1909f56bfc062723c751e8b465ee728b)  -> (artifact id: '6ea364d4d2141d641783331d931655e2') in 0.016087 seconds
  Import took 0.019963 seconds .

========================================================================
Received Import Request.
  Time since last request: 12.249256 seconds.
  path: Assets/Scripts/SimonSaysScriptableObjects/Fire1.asset
  artifactKey: Guid(2ef63f10a1993fd48bb31b8b2a476b77) Importer(815301076,1909f56bfc062723c751e8b465ee728b)
Start importing Assets/Scripts/SimonSaysScriptableObjects/Fire1.asset using Guid(2ef63f10a1993fd48bb31b8b2a476b77) Importer(815301076,1909f56bfc062723c751e8b465ee728b)  -> (artifact id: 'a67980d6588df6c08a336df1413f48b3') in 0.016312 seconds
  Import took 0.045761 seconds .

========================================================================
Received Import Request.
  Time since last request: 5.617907 seconds.
  path: Assets/Scripts/SimonSaysScriptableObjects/Fire2.asset
  artifactKey: Guid(beffba98003b70e4a8a289f3072a0635) Importer(815301076,1909f56bfc062723c751e8b465ee728b)
Start importing Assets/Scripts/SimonSaysScriptableObjects/Fire2.asset using Guid(beffba98003b70e4a8a289f3072a0635) Importer(815301076,1909f56bfc062723c751e8b465ee728b)  -> (artifact id: '8591d08e3e8a46c9d7ebb72f6472d836') in 0.018144 seconds
  Import took 0.046463 seconds .

========================================================================
Received Import Request.
  Time since last request: 5.609929 seconds.
  path: Assets/Scripts/SimonSaysScriptableObjects/Fire3.asset
  artifactKey: Guid(ddee6c2c2e210094eb6e658e737f843d) Importer(815301076,1909f56bfc062723c751e8b465ee728b)
Start importing Assets/Scripts/SimonSaysScriptableObjects/Fire3.asset using Guid(ddee6c2c2e210094eb6e658e737f843d) Importer(815301076,1909f56bfc062723c751e8b465ee728b)  -> (artifact id: '7527b6cea27789b55971f6bb9bccd15c') in 0.015545 seconds
  Import took 0.018392 seconds .

========================================================================
Received Import Request.
  Time since last request: 0.001925 seconds.
  path: Assets/Scripts/SimonSaysScriptableObjects/Fire3.asset
  artifactKey: Guid(ddee6c2c2e210094eb6e658e737f843d) Importer(815301076,1909f56bfc062723c751e8b465ee728b)
Start importing Assets/Scripts/SimonSaysScriptableObjects/Fire3.asset using Guid(ddee6c2c2e210094eb6e658e737f843d) Importer(815301076,1909f56bfc062723c751e8b465ee728b)  -> (artifact id: '7527b6cea27789b55971f6bb9bccd15c') in 0.014548 seconds
  Import took 0.017244 seconds .

========================================================================
Received Import Request.
  Time since last request: 6.140195 seconds.
  path: Assets/Scripts/SimonSaysScriptableObjects/Jump.asset
  artifactKey: Guid(a6ee9385118917e47acd6b1a84a2b989) Importer(815301076,1909f56bfc062723c751e8b465ee728b)
Start importing Assets/Scripts/SimonSaysScriptableObjects/Jump.asset using Guid(a6ee9385118917e47acd6b1a84a2b989) Importer(815301076,1909f56bfc062723c751e8b465ee728b)  -> (artifact id: '3e2a011262993fd0d9de4208cebc0380') in 0.015016 seconds
  Import took 0.018745 seconds .

========================================================================
Received Import Request.
  Time since last request: 226.095677 seconds.
  path: Assets/Sprites
  artifactKey: Guid(6f9f4ca1ca39c1a4e8e3788d19775ce9) Importer(815301076,1909f56bfc062723c751e8b465ee728b)
Start importing Assets/Sprites using Guid(6f9f4ca1ca39c1a4e8e3788d19775ce9) Importer(815301076,1909f56bfc062723c751e8b465ee728b)  -> (artifact id: 'e743143ab506dd0f42f7cc01bbeb3fe2') in 0.012836 seconds
  Import took 0.040120 seconds .

========================================================================
Received Import Request.
  Time since last request: 0.002868 seconds.
  path: Assets/Sprites
  artifactKey: Guid(6f9f4ca1ca39c1a4e8e3788d19775ce9) Importer(815301076,1909f56bfc062723c751e8b465ee728b)
Start importing Assets/Sprites using Guid(6f9f4ca1ca39c1a4e8e3788d19775ce9) Importer(815301076,1909f56bfc062723c751e8b465ee728b)  -> (artifact id: 'e743143ab506dd0f42f7cc01bbeb3fe2') in 0.009305 seconds
  Import took 0.012379 seconds .

========================================================================
Received Import Request.
  Time since last request: 6.559873 seconds.
  path: Assets/Sprites/SimonSays
  artifactKey: Guid(d5ba00223e836674f935a543b0e1b8d9) Importer(815301076,1909f56bfc062723c751e8b465ee728b)
Start importing Assets/Sprites/SimonSays using Guid(d5ba00223e836674f935a543b0e1b8d9) Importer(815301076,1909f56bfc062723c751e8b465ee728b)  -> (artifact id: '6b94a7443ddae30d3f58f8f68bad3574') in 0.007817 seconds
  Import took 0.010468 seconds .

========================================================================
Received Import Request.
  Time since last request: 12.256958 seconds.
  path: Assets/Sprites/SimonSays/585e4752cb11b227491c3383.png
  artifactKey: Guid(119756498167c604fa95a7a6b5cb6755) Importer(815301076,1909f56bfc062723c751e8b465ee728b)
Start importing Assets/Sprites/SimonSays/585e4752cb11b227491c3383.png using Guid(119756498167c604fa95a7a6b5cb6755) Importer(815301076,1909f56bfc062723c751e8b465ee728b)  -> (artifact id: 'de58b1d52ced433109e6a5487e50e1ae') in 0.658319 seconds
  Import took 0.662248 seconds .

========================================================================
Received Import Request.
  Time since last request: 0.000382 seconds.
  path: Assets/Sprites/SimonSays/585e4773cb11b227491c3385.png
  artifactKey: Guid(6a44be5386408674f93d6721ff29de35) Importer(815301076,1909f56bfc062723c751e8b465ee728b)
Start importing Assets/Sprites/SimonSays/585e4773cb11b227491c3385.png using Guid(6a44be5386408674f93d6721ff29de35) Importer(815301076,1909f56bfc062723c751e8b465ee728b)  -> (artifact id: '845250a6445726328235cda771fd574a') in 0.040459 seconds
  Import took 0.060110 seconds .

========================================================================
Received Import Request.
  Time since last request: 7.528800 seconds.
  path: Assets/Sprites/SimonSays/UpArrow.png
  artifactKey: Guid(119756498167c604fa95a7a6b5cb6755) Importer(815301076,1909f56bfc062723c751e8b465ee728b)
Start importing Assets/Sprites/SimonSays/UpArrow.png using Guid(119756498167c604fa95a7a6b5cb6755) Importer(815301076,1909f56bfc062723c751e8b465ee728b)  -> (artifact id: '403b288d80cfd7812fb04e55dab35881') in 0.033173 seconds
  Import took 0.036386 seconds .

========================================================================
Received Import Request.
  Time since last request: 5.637557 seconds.
  path: Assets/Sprites/SimonSays/RightArrow.png
  artifactKey: Guid(6a44be5386408674f93d6721ff29de35) Importer(815301076,1909f56bfc062723c751e8b465ee728b)
Start importing Assets/Sprites/SimonSays/RightArrow.png using Guid(6a44be5386408674f93d6721ff29de35) Importer(815301076,1909f56bfc062723c751e8b465ee728b)  -> (artifact id: '75ca1e34a9eb510e2156c2a2f259947d') in 0.034036 seconds
  Import took 0.037598 seconds .

========================================================================
Received Import Request.
  Time since last request: 7.882904 seconds.
  path: Assets/Sprites/SimonSays/RightArrow.png
  artifactKey: Guid(6a44be5386408674f93d6721ff29de35) Importer(815301076,1909f56bfc062723c751e8b465ee728b)
Start importing Assets/Sprites/SimonSays/RightArrow.png using Guid(6a44be5386408674f93d6721ff29de35) Importer(815301076,1909f56bfc062723c751e8b465ee728b)  -> (artifact id: 'c738912d1b4533a401be7a9d995ca713') in 0.173321 seconds
  Import took 0.186217 seconds .

========================================================================
Received Import Request.
  Time since last request: 5.163144 seconds.
  path: Assets/Sprites/SimonSays/UpArrow.png
  artifactKey: Guid(119756498167c604fa95a7a6b5cb6755) Importer(815301076,1909f56bfc062723c751e8b465ee728b)
Start importing Assets/Sprites/SimonSays/UpArrow.png using Guid(119756498167c604fa95a7a6b5cb6755) Importer(815301076,1909f56bfc062723c751e8b465ee728b)  -> (artifact id: 'b382166e720a16a1614e1439b5f8c4e1') in 0.073239 seconds
  Import took 0.079431 seconds .

========================================================================
Received Import Request.
  Time since last request: 146.608632 seconds.
  path: Assets/Sprites/SimonSays/LeftClick.png
  artifactKey: Guid(3ab4ed82855c51d418cc86bd9652a64e) Importer(815301076,1909f56bfc062723c751e8b465ee728b)
Start importing Assets/Sprites/SimonSays/LeftClick.png using Guid(3ab4ed82855c51d418cc86bd9652a64e) Importer(815301076,1909f56bfc062723c751e8b465ee728b)  -> (artifact id: '79891433d00171c6640feda261728496') in 0.101779 seconds
  Import took 0.106256 seconds .

========================================================================
Received Import Request.
  Time since last request: 0.000304 seconds.
  path: Assets/Sprites/SimonSays/RightClick.png
  artifactKey: Guid(dd4f54590f483b04a827c739638eb63e) Importer(815301076,1909f56bfc062723c751e8b465ee728b)
Start importing Assets/Sprites/SimonSays/RightClick.png using Guid(dd4f54590f483b04a827c739638eb63e) Importer(815301076,1909f56bfc062723c751e8b465ee728b)  -> (artifact id: '1ba51a35b7274908378039d54bb9af15') in 0.062028 seconds
  Import took 0.066033 seconds .

========================================================================
Received Import Request.
  Time since last request: 5.396669 seconds.
  path: Assets/Sprites/SimonSays/RightClick.png
  artifactKey: Guid(dd4f54590f483b04a827c739638eb63e) Importer(815301076,1909f56bfc062723c751e8b465ee728b)
Start importing Assets/Sprites/SimonSays/RightClick.png using Guid(dd4f54590f483b04a827c739638eb63e) Importer(815301076,1909f56bfc062723c751e8b465ee728b)  -> (artifact id: 'b1581e478a141670bfd91deef3584933') in 0.026887 seconds
  Import took 0.029850 seconds .

========================================================================
Received Import Request.
  Time since last request: 4.326983 seconds.
  path: Assets/Sprites/SimonSays/LeftClick.png
  artifactKey: Guid(3ab4ed82855c51d418cc86bd9652a64e) Importer(815301076,1909f56bfc062723c751e8b465ee728b)
Start importing Assets/Sprites/SimonSays/LeftClick.png using Guid(3ab4ed82855c51d418cc86bd9652a64e) Importer(815301076,1909f56bfc062723c751e8b465ee728b)  -> (artifact id: 'af304343c0fcf37f191e1c8bc15957a9') in 0.037879 seconds
  Import took 0.044638 seconds .

========================================================================
Received Import Request.
  Time since last request: 326.245203 seconds.
  path: Assets/Sprites/SimonSays/MiddleMouseClick.png
  artifactKey: Guid(4f4fc12bddc8d7c4fa539d0282dd64c8) Importer(815301076,1909f56bfc062723c751e8b465ee728b)
Start importing Assets/Sprites/SimonSays/MiddleMouseClick.png using Guid(4f4fc12bddc8d7c4fa539d0282dd64c8) Importer(815301076,1909f56bfc062723c751e8b465ee728b)  -> (artifact id: '61c3b48dfee58be10346b8bf169b7c4f') in 0.058684 seconds
  Import took 0.063602 seconds .

========================================================================
Received Import Request.
  Time since last request: 5.097944 seconds.
  path: Assets/Sprites/SimonSays/MiddleMouseClick.png
  artifactKey: Guid(4f4fc12bddc8d7c4fa539d0282dd64c8) Importer(815301076,1909f56bfc062723c751e8b465ee728b)
Start importing Assets/Sprites/SimonSays/MiddleMouseClick.png using Guid(4f4fc12bddc8d7c4fa539d0282dd64c8) Importer(815301076,1909f56bfc062723c751e8b465ee728b)  -> (artifact id: '7901c8dc935a9aa6e78cab2f866aaf59') in 0.026305 seconds
  Import took 0.035482 seconds .

========================================================================
Received Prepare
Registering precompiled user dll's ...
Registered in 0.001040 seconds.
Begin MonoManager ReloadAssembly
Native extension for WindowsStandalone target not found
Native extension for OSXStandalone target not found
Refreshing native plugins compatible for Editor in 0.43 ms, found 0 plugins.
Preloading 0 native plugins for Editor in 0.00 ms.
Mono: successfully reloaded assembly
- Completed reload, in  1.445 seconds
Platform modules already initialized, skipping
Refreshing native plugins compatible for Editor in 0.48 ms, found 0 plugins.
Preloading 0 native plugins for Editor in 0.00 ms.
Unloading 1317 Unused Serialized files (Serialized files now loaded: 0)
System memory in use before: 78.3 MB.
System memory in use after: 78.1 MB.

Unloading 5 unused Assets to reduce memory usage. Loaded Objects now: 1850.
Total: 3.790800 ms (FindLiveObjects: 0.215500 ms CreateObjectMapping: 0.059100 ms MarkObjects: 3.149300 ms  DeleteObjects: 0.364300 ms)

========================================================================
Received Prepare
Registering precompiled user dll's ...
Registered in 0.000855 seconds.
Begin MonoManager ReloadAssembly
Native extension for WindowsStandalone target not found
Native extension for OSXStandalone target not found
Refreshing native plugins compatible for Editor in 0.32 ms, found 0 plugins.
Preloading 0 native plugins for Editor in 0.00 ms.
Mono: successfully reloaded assembly
- Completed reload, in  0.943 seconds
Platform modules already initialized, skipping
Refreshing native plugins compatible for Editor in 0.34 ms, found 0 plugins.
Preloading 0 native plugins for Editor in 0.00 ms.
Unloading 1317 Unused Serialized files (Serialized files now loaded: 0)
System memory in use before: 78.4 MB.
System memory in use after: 78.1 MB.

Unloading 5 unused Assets to reduce memory usage. Loaded Objects now: 1853.
Total: 2.294100 ms (FindLiveObjects: 0.236100 ms CreateObjectMapping: 0.049600 ms MarkObjects: 1.590200 ms  DeleteObjects: 0.416900 ms)

========================================================================
Received Prepare
Registering precompiled user dll's ...
Registered in 0.001060 seconds.
Begin MonoManager ReloadAssembly
Native extension for WindowsStandalone target not found
Native extension for OSXStandalone target not found
Refreshing native plugins compatible for Editor in 0.45 ms, found 0 plugins.
Preloading 0 native plugins for Editor in 0.00 ms.
Mono: successfully reloaded assembly
- Completed reload, in  1.017 seconds
Platform modules already initialized, skipping
Refreshing native plugins compatible for Editor in 0.33 ms, found 0 plugins.
Preloading 0 native plugins for Editor in 0.00 ms.
Unloading 1317 Unused Serialized files (Serialized files now loaded: 0)
System memory in use before: 78.4 MB.
System memory in use after: 78.1 MB.

Unloading 5 unused Assets to reduce memory usage. Loaded Objects now: 1856.
Total: 2.605000 ms (FindLiveObjects: 0.314200 ms CreateObjectMapping: 0.101600 ms MarkObjects: 1.846900 ms  DeleteObjects: 0.341000 ms)

